<?xml version="1.0" encoding="UTF-8"?>
<!-- Generated by org.testng.reporters.JUnitReportReporter -->
<testsuite skipped="0" hostname="LSLT-IT10255" name="WebDriverPackage.testngparamters" tests="1" failures="0" timestamp="22 Aug 2018 13:28:09 GMT" time="3.488" errors="0">
  <testcase name="yahoologin" time="3.488" classname="WebDriverPackage.testngparamters"/>
</testsuite> <!-- WebDriverPackage.testngparamters -->
